{"/Users/ben.p/projects/chatbot/packages/mcp/src/types.ts": {"path":"/Users/ben.p/projects/chatbot/packages/mcp/src/types.ts","statementMap":{"0":{"start":{"line":49,"column":2},"end":{"line":56,"column":4}},"1":{"start":{"line":54,"column":6},"end":{"line":54,"column":65}},"2":{"start":{"line":47,"column":0},"end":{"line":47,"column":16}}},"fnMap":{"0":{"name":"createServer","decl":{"start":{"line":47,"column":16},"end":{"line":47,"column":28}},"loc":{"start":{"line":47,"column":51},"end":{"line":57,"column":1}}},"1":{"name":"(anonymous_1)","decl":{"start":{"line":50,"column":18},"end":{"line":50,"column":21}},"loc":{"start":{"line":50,"column":23},"end":{"line":50,"column":26}}},"2":{"name":"(anonymous_2)","decl":{"start":{"line":51,"column":22},"end":{"line":51,"column":25}},"loc":{"start":{"line":51,"column":27},"end":{"line":51,"column":30}}},"3":{"name":"(anonymous_3)","decl":{"start":{"line":52,"column":20},"end":{"line":52,"column":23}},"loc":{"start":{"line":52,"column":25},"end":{"line":52,"column":28}}},"4":{"name":"(anonymous_4)","decl":{"start":{"line":53,"column":12},"end":{"line":53,"column":17}},"loc":{"start":{"line":53,"column":23},"end":{"line":55,"column":5}}}},"branchMap":{},"s":{"0":0,"1":0,"2":0},"f":{"0":0,"1":0,"2":0,"3":0,"4":0},"b":{}}
,"/Users/ben.p/projects/chatbot/packages/mcp/src/prompts/index.ts": {"path":"/Users/ben.p/projects/chatbot/packages/mcp/src/prompts/index.ts","statementMap":{"0":{"start":{"line":12,"column":13},"end":{"line":55,"column":2}},"1":{"start":{"line":60,"column":13},"end":{"line":104,"column":2}},"2":{"start":{"line":109,"column":13},"end":{"line":152,"column":2}},"3":{"start":{"line":157,"column":13},"end":{"line":188,"column":2}},"4":{"start":{"line":193,"column":13},"end":{"line":236,"column":2}},"5":{"start":{"line":239,"column":0},"end":{"line":239,"column":32}},"6":{"start":{"line":240,"column":0},"end":{"line":240,"column":32}}},"fnMap":{},"branchMap":{},"s":{"0":0,"1":0,"2":0,"3":0,"4":0,"5":0,"6":0},"f":{},"b":{}}
,"/Users/ben.p/projects/chatbot/packages/mcp/src/prompts/promptHandler.ts": {"path":"/Users/ben.p/projects/chatbot/packages/mcp/src/prompts/promptHandler.ts","statementMap":{"0":{"start":{"line":20,"column":27},"end":{"line":20,"column":71}},"1":{"start":{"line":21,"column":35},"end":{"line":24,"column":4}},"2":{"start":{"line":22,"column":18},"end":{"line":22,"column":58}},"3":{"start":{"line":23,"column":4},"end":{"line":23,"column":32}},"4":{"start":{"line":27,"column":24},"end":{"line":27,"column":42}},"5":{"start":{"line":28,"column":2},"end":{"line":31,"column":5}},"6":{"start":{"line":29,"column":18},"end":{"line":29,"column":58}},"7":{"start":{"line":30,"column":4},"end":{"line":30,"column":52}},"8":{"start":{"line":18,"column":0},"end":{"line":18,"column":16}},"9":{"start":{"line":42,"column":2},"end":{"line":44,"column":10}},"10":{"start":{"line":43,"column":4},"end":{"line":43,"column":69}},"11":{"start":{"line":55,"column":2},"end":{"line":55,"column":47}},"12":{"start":{"line":54,"column":0},"end":{"line":54,"column":16}},"13":{"start":{"line":66,"column":19},"end":{"line":66,"column":51}},"14":{"start":{"line":67,"column":2},"end":{"line":67,"column":60}},"15":{"start":{"line":67,"column":33},"end":{"line":67,"column":58}},"16":{"start":{"line":65,"column":0},"end":{"line":65,"column":16}},"17":{"start":{"line":77,"column":2},"end":{"line":77,"column":42}},"18":{"start":{"line":76,"column":0},"end":{"line":76,"column":16}},"19":{"start":{"line":87,"column":20},"end":{"line":87,"column":67}},"20":{"start":{"line":88,"column":19},"end":{"line":88,"column":51}},"21":{"start":{"line":89,"column":2},"end":{"line":89,"column":62}},"22":{"start":{"line":89,"column":35},"end":{"line":89,"column":60}},"23":{"start":{"line":86,"column":0},"end":{"line":86,"column":16}}},"fnMap":{"0":{"name":"renderTemplate","decl":{"start":{"line":18,"column":16},"end":{"line":18,"column":30}},"loc":{"start":{"line":18,"column":74},"end":{"line":32,"column":1}}},"1":{"name":"(anonymous_1)","decl":{"start":{"line":21,"column":70},"end":{"line":21,"column":71}},"loc":{"start":{"line":21,"column":99},"end":{"line":24,"column":3}}},"2":{"name":"(anonymous_2)","decl":{"start":{"line":28,"column":57},"end":{"line":28,"column":58}},"loc":{"start":{"line":28,"column":77},"end":{"line":31,"column":3}}},"3":{"name":"getNestedProperty","decl":{"start":{"line":41,"column":9},"end":{"line":41,"column":26}},"loc":{"start":{"line":41,"column":65},"end":{"line":45,"column":1}}},"4":{"name":"(anonymous_4)","decl":{"start":{"line":42,"column":32},"end":{"line":42,"column":33}},"loc":{"start":{"line":42,"column":47},"end":{"line":44,"column":3}}},"5":{"name":"renderPrompt","decl":{"start":{"line":54,"column":16},"end":{"line":54,"column":28}},"loc":{"start":{"line":54,"column":70},"end":{"line":56,"column":1}}},"6":{"name":"validatePromptData","decl":{"start":{"line":65,"column":16},"end":{"line":65,"column":34}},"loc":{"start":{"line":65,"column":76},"end":{"line":68,"column":1}}},"7":{"name":"(anonymous_7)","decl":{"start":{"line":67,"column":24},"end":{"line":67,"column":29}},"loc":{"start":{"line":67,"column":33},"end":{"line":67,"column":58}}},"8":{"name":"getRequiredParameters","decl":{"start":{"line":76,"column":16},"end":{"line":76,"column":37}},"loc":{"start":{"line":76,"column":52},"end":{"line":78,"column":1}}},"9":{"name":"getOptionalParameters","decl":{"start":{"line":86,"column":16},"end":{"line":86,"column":37}},"loc":{"start":{"line":86,"column":52},"end":{"line":90,"column":1}}},"10":{"name":"(anonymous_10)","decl":{"start":{"line":89,"column":26},"end":{"line":89,"column":31}},"loc":{"start":{"line":89,"column":35},"end":{"line":89,"column":60}}}},"branchMap":{"0":{"loc":{"start":{"line":23,"column":11},"end":{"line":23,"column":31}},"type":"cond-expr","locations":[{"start":{"line":23,"column":19},"end":{"line":23,"column":26}},{"start":{"line":23,"column":29},"end":{"line":23,"column":31}}]},"1":{"loc":{"start":{"line":30,"column":11},"end":{"line":30,"column":51}},"type":"cond-expr","locations":[{"start":{"line":30,"column":33},"end":{"line":30,"column":46}},{"start":{"line":30,"column":49},"end":{"line":30,"column":51}}]},"2":{"loc":{"start":{"line":43,"column":11},"end":{"line":43,"column":68}},"type":"cond-expr","locations":[{"start":{"line":43,"column":46},"end":{"line":43,"column":56}},{"start":{"line":43,"column":59},"end":{"line":43,"column":68}}]},"3":{"loc":{"start":{"line":43,"column":11},"end":{"line":43,"column":43}},"type":"binary-expr","locations":[{"start":{"line":43,"column":11},"end":{"line":43,"column":15}},{"start":{"line":43,"column":19},"end":{"line":43,"column":43}}]},"4":{"loc":{"start":{"line":66,"column":19},"end":{"line":66,"column":51}},"type":"binary-expr","locations":[{"start":{"line":66,"column":19},"end":{"line":66,"column":45}},{"start":{"line":66,"column":49},"end":{"line":66,"column":51}}]},"5":{"loc":{"start":{"line":77,"column":9},"end":{"line":77,"column":41}},"type":"binary-expr","locations":[{"start":{"line":77,"column":9},"end":{"line":77,"column":35}},{"start":{"line":77,"column":39},"end":{"line":77,"column":41}}]},"6":{"loc":{"start":{"line":87,"column":32},"end":{"line":87,"column":66}},"type":"binary-expr","locations":[{"start":{"line":87,"column":32},"end":{"line":87,"column":60}},{"start":{"line":87,"column":64},"end":{"line":87,"column":66}}]},"7":{"loc":{"start":{"line":88,"column":19},"end":{"line":88,"column":51}},"type":"binary-expr","locations":[{"start":{"line":88,"column":19},"end":{"line":88,"column":45}},{"start":{"line":88,"column":49},"end":{"line":88,"column":51}}]}},"s":{"0":14,"1":14,"2":5,"3":5,"4":14,"5":14,"6":28,"7":28,"8":2,"9":33,"10":38,"11":8,"12":2,"13":13,"14":13,"15":16,"16":2,"17":2,"18":2,"19":3,"20":3,"21":3,"22":7,"23":2},"f":{"0":14,"1":5,"2":28,"3":33,"4":38,"5":8,"6":13,"7":16,"8":2,"9":3,"10":7},"b":{"0":[3,2],"1":[23,5],"2":[31,7],"3":[38,37],"4":[13,0],"5":[2,1],"6":[3,0],"7":[3,1]}}
,"/Users/ben.p/projects/chatbot/packages/mcp/src/prompts/promptService.ts": {"path":"/Users/ben.p/projects/chatbot/packages/mcp/src/prompts/promptService.ts","statementMap":{"0":{"start":{"line":8,"column":0},"end":{"line":8,"column":67}},"1":{"start":{"line":9,"column":0},"end":{"line":9,"column":73}},"2":{"start":{"line":16,"column":4},"end":{"line":16,"column":19}},"3":{"start":{"line":17,"column":4},"end":{"line":17,"column":41}},"4":{"start":{"line":14,"column":0},"end":{"line":14,"column":13}},"5":{"start":{"line":25,"column":41},"end":{"line":25,"column":50}},"6":{"start":{"line":33,"column":4},"end":{"line":33,"column":42}},"7":{"start":{"line":43,"column":4},"end":{"line":43,"column":34}},"8":{"start":{"line":52,"column":4},"end":{"line":52,"column":45}},"9":{"start":{"line":65,"column":19},"end":{"line":65,"column":45}},"10":{"start":{"line":66,"column":4},"end":{"line":68,"column":5}},"11":{"start":{"line":67,"column":6},"end":{"line":67,"column":58}},"12":{"start":{"line":70,"column":4},"end":{"line":72,"column":5}},"13":{"start":{"line":71,"column":6},"end":{"line":71,"column":82}},"14":{"start":{"line":74,"column":4},"end":{"line":74,"column":38}},"15":{"start":{"line":86,"column":38},"end":{"line":86,"column":53}},"16":{"start":{"line":88,"column":4},"end":{"line":90,"column":5}},"17":{"start":{"line":89,"column":6},"end":{"line":89,"column":35}},"18":{"start":{"line":92,"column":4},"end":{"line":94,"column":5}},"19":{"start":{"line":93,"column":6},"end":{"line":93,"column":47}},"20":{"start":{"line":96,"column":4},"end":{"line":96,"column":53}},"21":{"start":{"line":108,"column":38},"end":{"line":108,"column":53}},"22":{"start":{"line":110,"column":4},"end":{"line":112,"column":5}},"23":{"start":{"line":111,"column":6},"end":{"line":111,"column":35}},"24":{"start":{"line":114,"column":4},"end":{"line":116,"column":5}},"25":{"start":{"line":115,"column":6},"end":{"line":115,"column":47}},"26":{"start":{"line":118,"column":4},"end":{"line":118,"column":59}},"27":{"start":{"line":130,"column":38},"end":{"line":130,"column":53}},"28":{"start":{"line":132,"column":4},"end":{"line":134,"column":5}},"29":{"start":{"line":133,"column":6},"end":{"line":133,"column":35}},"30":{"start":{"line":136,"column":4},"end":{"line":138,"column":5}},"31":{"start":{"line":137,"column":6},"end":{"line":137,"column":47}},"32":{"start":{"line":140,"column":4},"end":{"line":140,"column":54}},"33":{"start":{"line":150,"column":4},"end":{"line":150,"column":73}},"34":{"start":{"line":166,"column":38},"end":{"line":166,"column":55}},"35":{"start":{"line":168,"column":4},"end":{"line":170,"column":5}},"36":{"start":{"line":169,"column":6},"end":{"line":169,"column":35}},"37":{"start":{"line":172,"column":4},"end":{"line":174,"column":5}},"38":{"start":{"line":173,"column":6},"end":{"line":173,"column":47}},"39":{"start":{"line":176,"column":4},"end":{"line":176,"column":68}},"40":{"start":{"line":24,"column":0},"end":{"line":24,"column":13}}},"fnMap":{"0":{"name":"(anonymous_0)","decl":{"start":{"line":15,"column":2},"end":{"line":15,"column":14}},"loc":{"start":{"line":15,"column":29},"end":{"line":18,"column":3}}},"1":{"name":"(anonymous_1)","decl":{"start":{"line":32,"column":2},"end":{"line":32,"column":16}},"loc":{"start":{"line":32,"column":31},"end":{"line":34,"column":3}}},"2":{"name":"(anonymous_2)","decl":{"start":{"line":42,"column":2},"end":{"line":42,"column":11}},"loc":{"start":{"line":42,"column":24},"end":{"line":44,"column":3}}},"3":{"name":"(anonymous_3)","decl":{"start":{"line":51,"column":2},"end":{"line":51,"column":15}},"loc":{"start":{"line":51,"column":15},"end":{"line":53,"column":3}}},"4":{"name":"(anonymous_4)","decl":{"start":{"line":64,"column":2},"end":{"line":64,"column":15}},"loc":{"start":{"line":64,"column":61},"end":{"line":75,"column":3}}},"5":{"name":"(anonymous_5)","decl":{"start":{"line":85,"column":2},"end":{"line":85,"column":27}},"loc":{"start":{"line":85,"column":92},"end":{"line":97,"column":3}}},"6":{"name":"(anonymous_6)","decl":{"start":{"line":107,"column":2},"end":{"line":107,"column":26}},"loc":{"start":{"line":107,"column":91},"end":{"line":119,"column":3}}},"7":{"name":"(anonymous_7)","decl":{"start":{"line":129,"column":2},"end":{"line":129,"column":28}},"loc":{"start":{"line":129,"column":93},"end":{"line":141,"column":3}}},"8":{"name":"(anonymous_8)","decl":{"start":{"line":149,"column":2},"end":{"line":149,"column":34}},"loc":{"start":{"line":149,"column":55},"end":{"line":151,"column":3}}},"9":{"name":"(anonymous_9)","decl":{"start":{"line":161,"column":2},"end":{"line":161,"column":41}},"loc":{"start":{"line":164,"column":26},"end":{"line":177,"column":3}}}},"branchMap":{"0":{"loc":{"start":{"line":66,"column":4},"end":{"line":68,"column":5}},"type":"if","locations":[{"start":{"line":66,"column":4},"end":{"line":68,"column":5}}]},"1":{"loc":{"start":{"line":70,"column":4},"end":{"line":72,"column":5}},"type":"if","locations":[{"start":{"line":70,"column":4},"end":{"line":72,"column":5}}]},"2":{"loc":{"start":{"line":88,"column":4},"end":{"line":90,"column":5}},"type":"if","locations":[{"start":{"line":88,"column":4},"end":{"line":90,"column":5}}]},"3":{"loc":{"start":{"line":92,"column":4},"end":{"line":94,"column":5}},"type":"if","locations":[{"start":{"line":92,"column":4},"end":{"line":94,"column":5}}]},"4":{"loc":{"start":{"line":110,"column":4},"end":{"line":112,"column":5}},"type":"if","locations":[{"start":{"line":110,"column":4},"end":{"line":112,"column":5}}]},"5":{"loc":{"start":{"line":114,"column":4},"end":{"line":116,"column":5}},"type":"if","locations":[{"start":{"line":114,"column":4},"end":{"line":116,"column":5}}]},"6":{"loc":{"start":{"line":132,"column":4},"end":{"line":134,"column":5}},"type":"if","locations":[{"start":{"line":132,"column":4},"end":{"line":134,"column":5}}]},"7":{"loc":{"start":{"line":136,"column":4},"end":{"line":138,"column":5}},"type":"if","locations":[{"start":{"line":136,"column":4},"end":{"line":138,"column":5}}]},"8":{"loc":{"start":{"line":168,"column":4},"end":{"line":170,"column":5}},"type":"if","locations":[{"start":{"line":168,"column":4},"end":{"line":170,"column":5}}]},"9":{"loc":{"start":{"line":172,"column":4},"end":{"line":174,"column":5}},"type":"if","locations":[{"start":{"line":172,"column":4},"end":{"line":174,"column":5}}]}},"s":{"0":1,"1":1,"2":1,"3":1,"4":1,"5":13,"6":78,"7":12,"8":1,"9":10,"10":10,"11":1,"12":9,"13":1,"14":8,"15":2,"16":2,"17":1,"18":2,"19":1,"20":2,"21":1,"22":1,"23":1,"24":1,"25":1,"26":1,"27":1,"28":1,"29":1,"30":1,"31":1,"32":1,"33":1,"34":1,"35":1,"36":1,"37":1,"38":1,"39":1,"40":1},"f":{"0":1,"1":78,"2":12,"3":1,"4":10,"5":2,"6":1,"7":1,"8":1,"9":1},"b":{"0":[1],"1":[1],"2":[1],"3":[1],"4":[1],"5":[1],"6":[1],"7":[1],"8":[1],"9":[1]}}
,"/Users/ben.p/projects/chatbot/packages/mcp/src/resources/index.ts": {"path":"/Users/ben.p/projects/chatbot/packages/mcp/src/resources/index.ts","statementMap":{"0":{"start":{"line":11,"column":13},"end":{"line":17,"column":2}},"1":{"start":{"line":15,"column":4},"end":{"line":15,"column":49}}},"fnMap":{"0":{"name":"(anonymous_0)","decl":{"start":{"line":14,"column":2},"end":{"line":14,"column":7}},"loc":{"start":{"line":14,"column":12},"end":{"line":16,"column":3}}}},"branchMap":{},"s":{"0":0,"1":0},"f":{"0":0},"b":{}}
,"/Users/ben.p/projects/chatbot/packages/mcp/src/tools/index.ts": {"path":"/Users/ben.p/projects/chatbot/packages/mcp/src/tools/index.ts","statementMap":{"0":{"start":{"line":8,"column":13},"end":{"line":25,"column":2}},"1":{"start":{"line":22,"column":21},"end":{"line":22,"column":47}},"2":{"start":{"line":23,"column":4},"end":{"line":23,"column":42}}},"fnMap":{"0":{"name":"(anonymous_0)","decl":{"start":{"line":21,"column":11},"end":{"line":21,"column":16}},"loc":{"start":{"line":21,"column":28},"end":{"line":24,"column":3}}}},"branchMap":{},"s":{"0":1,"1":1,"2":1},"f":{"0":1},"b":{}}
,"/Users/ben.p/projects/chatbot/packages/mcp/src/utils/index.ts": {"path":"/Users/ben.p/projects/chatbot/packages/mcp/src/utils/index.ts","statementMap":{"0":{"start":{"line":6,"column":0},"end":{"line":6,"column":30}},"1":{"start":{"line":9,"column":0},"end":{"line":9,"column":29}}},"fnMap":{},"branchMap":{},"s":{"0":0,"1":0},"f":{},"b":{}}
,"/Users/ben.p/projects/chatbot/packages/mcp/src/utils/mongoUtils.ts": {"path":"/Users/ben.p/projects/chatbot/packages/mcp/src/utils/mongoUtils.ts","statementMap":{"0":{"start":{"line":16,"column":2},"end":{"line":22,"column":3}},"1":{"start":{"line":18,"column":25},"end":{"line":18,"column":43}},"2":{"start":{"line":19,"column":4},"end":{"line":19,"column":36}},"3":{"start":{"line":21,"column":4},"end":{"line":21,"column":82}},"4":{"start":{"line":15,"column":0},"end":{"line":15,"column":16}},"5":{"start":{"line":33,"column":2},"end":{"line":45,"column":3}},"6":{"start":{"line":35,"column":28},"end":{"line":35,"column":49}},"7":{"start":{"line":36,"column":21},"end":{"line":36,"column":48}},"8":{"start":{"line":38,"column":4},"end":{"line":40,"column":5}},"9":{"start":{"line":39,"column":6},"end":{"line":39,"column":63}},"10":{"start":{"line":42,"column":4},"end":{"line":42,"column":20}},"11":{"start":{"line":44,"column":4},"end":{"line":44,"column":97}},"12":{"start":{"line":32,"column":0},"end":{"line":32,"column":16}},"13":{"start":{"line":60,"column":2},"end":{"line":72,"column":3}},"14":{"start":{"line":62,"column":26},"end":{"line":62,"column":45}},"15":{"start":{"line":63,"column":19},"end":{"line":63,"column":44}},"16":{"start":{"line":65,"column":4},"end":{"line":67,"column":5}},"17":{"start":{"line":66,"column":6},"end":{"line":66,"column":89}},"18":{"start":{"line":69,"column":4},"end":{"line":69,"column":18}},"19":{"start":{"line":71,"column":4},"end":{"line":71,"column":93}},"20":{"start":{"line":55,"column":0},"end":{"line":55,"column":16}},"21":{"start":{"line":86,"column":27},"end":{"line":86,"column":29}},"22":{"start":{"line":89,"column":2},"end":{"line":97,"column":5}},"23":{"start":{"line":91,"column":4},"end":{"line":91,"column":36}},"24":{"start":{"line":91,"column":29},"end":{"line":91,"column":36}},"25":{"start":{"line":94,"column":4},"end":{"line":96,"column":5}},"26":{"start":{"line":95,"column":6},"end":{"line":95,"column":65}},"27":{"start":{"line":99,"column":2},"end":{"line":102,"column":4}},"28":{"start":{"line":82,"column":0},"end":{"line":82,"column":16}},"29":{"start":{"line":112,"column":2},"end":{"line":112,"column":40}},"30":{"start":{"line":111,"column":0},"end":{"line":111,"column":16}},"31":{"start":{"line":122,"column":2},"end":{"line":122,"column":43}},"32":{"start":{"line":121,"column":0},"end":{"line":121,"column":16}},"33":{"start":{"line":132,"column":20},"end":{"line":132,"column":33}},"34":{"start":{"line":135,"column":2},"end":{"line":137,"column":3}},"35":{"start":{"line":136,"column":4},"end":{"line":136,"column":72}},"36":{"start":{"line":139,"column":31},"end":{"line":139,"column":33}},"37":{"start":{"line":142,"column":2},"end":{"line":209,"column":5}},"38":{"start":{"line":143,"column":4},"end":{"line":208,"column":5}},"39":{"start":{"line":144,"column":6},"end":{"line":146,"column":7}},"40":{"start":{"line":145,"column":8},"end":{"line":145,"column":130}},"41":{"start":{"line":145,"column":86},"end":{"line":145,"column":111}},"42":{"start":{"line":147,"column":11},"end":{"line":208,"column":5}},"43":{"start":{"line":148,"column":6},"end":{"line":150,"column":7}},"44":{"start":{"line":149,"column":8},"end":{"line":149,"column":129}},"45":{"start":{"line":149,"column":86},"end":{"line":149,"column":111}},"46":{"start":{"line":151,"column":11},"end":{"line":208,"column":5}},"47":{"start":{"line":152,"column":6},"end":{"line":154,"column":7}},"48":{"start":{"line":153,"column":8},"end":{"line":153,"column":136}},"49":{"start":{"line":153,"column":93},"end":{"line":153,"column":118}},"50":{"start":{"line":155,"column":11},"end":{"line":208,"column":5}},"51":{"start":{"line":156,"column":6},"end":{"line":156,"column":95}},"52":{"start":{"line":157,"column":11},"end":{"line":208,"column":5}},"53":{"start":{"line":158,"column":25},"end":{"line":158,"column":124}},"54":{"start":{"line":158,"column":69},"end":{"line":158,"column":123}},"55":{"start":{"line":159,"column":6},"end":{"line":159,"column":63}},"56":{"start":{"line":160,"column":11},"end":{"line":208,"column":5}},"57":{"start":{"line":161,"column":6},"end":{"line":161,"column":56}},"58":{"start":{"line":162,"column":11},"end":{"line":208,"column":5}},"59":{"start":{"line":163,"column":6},"end":{"line":163,"column":58}},"60":{"start":{"line":164,"column":11},"end":{"line":208,"column":5}},"61":{"start":{"line":166,"column":6},"end":{"line":207,"column":7}},"62":{"start":{"line":168,"column":8},"end":{"line":203,"column":11}},"63":{"start":{"line":169,"column":10},"end":{"line":202,"column":11}},"64":{"start":{"line":171,"column":14},"end":{"line":171,"column":84}},"65":{"start":{"line":172,"column":14},"end":{"line":172,"column":20}},"66":{"start":{"line":174,"column":14},"end":{"line":174,"column":88}},"67":{"start":{"line":175,"column":14},"end":{"line":175,"column":20}},"68":{"start":{"line":177,"column":14},"end":{"line":177,"column":100}},"69":{"start":{"line":178,"column":14},"end":{"line":178,"column":20}},"70":{"start":{"line":180,"column":14},"end":{"line":180,"column":85}},"71":{"start":{"line":181,"column":14},"end":{"line":181,"column":20}},"72":{"start":{"line":183,"column":14},"end":{"line":183,"column":97}},"73":{"start":{"line":184,"column":14},"end":{"line":184,"column":20}},"74":{"start":{"line":186,"column":14},"end":{"line":186,"column":88}},"75":{"start":{"line":187,"column":14},"end":{"line":187,"column":20}},"76":{"start":{"line":189,"column":14},"end":{"line":189,"column":89}},"77":{"start":{"line":190,"column":14},"end":{"line":190,"column":20}},"78":{"start":{"line":192,"column":14},"end":{"line":192,"column":93}},"79":{"start":{"line":193,"column":14},"end":{"line":193,"column":20}},"80":{"start":{"line":195,"column":14},"end":{"line":195,"column":89}},"81":{"start":{"line":196,"column":14},"end":{"line":196,"column":20}},"82":{"start":{"line":198,"column":14},"end":{"line":198,"column":80}},"83":{"start":{"line":199,"column":14},"end":{"line":199,"column":20}},"84":{"start":{"line":201,"column":14},"end":{"line":201,"column":105}},"85":{"start":{"line":206,"column":8},"end":{"line":206,"column":80}},"86":{"start":{"line":211,"column":2},"end":{"line":211,"column":48}},"87":{"start":{"line":131,"column":0},"end":{"line":131,"column":16}}},"fnMap":{"0":{"name":"parseMongoDBQuery","decl":{"start":{"line":15,"column":16},"end":{"line":15,"column":33}},"loc":{"start":{"line":15,"column":53},"end":{"line":23,"column":1}}},"1":{"name":"parseMongoDBPipeline","decl":{"start":{"line":32,"column":16},"end":{"line":32,"column":36}},"loc":{"start":{"line":32,"column":59},"end":{"line":46,"column":1}}},"2":{"name":"parseMongoDBUpdate","decl":{"start":{"line":55,"column":16},"end":{"line":55,"column":34}},"loc":{"start":{"line":55,"column":55},"end":{"line":73,"column":1}}},"3":{"name":"validateMongoDBQuery","decl":{"start":{"line":82,"column":16},"end":{"line":82,"column":36}},"loc":{"start":{"line":84,"column":29},"end":{"line":103,"column":1}}},"4":{"name":"(anonymous_4)","decl":{"start":{"line":89,"column":29},"end":{"line":89,"column":32}},"loc":{"start":{"line":89,"column":35},"end":{"line":97,"column":3}}},"5":{"name":"formatMongoDBQuery","decl":{"start":{"line":111,"column":16},"end":{"line":111,"column":34}},"loc":{"start":{"line":111,"column":61},"end":{"line":113,"column":1}}},"6":{"name":"formatMongoDBPipeline","decl":{"start":{"line":121,"column":16},"end":{"line":121,"column":37}},"loc":{"start":{"line":121,"column":74},"end":{"line":123,"column":1}}},"7":{"name":"explainMongoDBQuery","decl":{"start":{"line":131,"column":16},"end":{"line":131,"column":35}},"loc":{"start":{"line":131,"column":62},"end":{"line":212,"column":1}}},"8":{"name":"(anonymous_8)","decl":{"start":{"line":142,"column":32},"end":{"line":142,"column":33}},"loc":{"start":{"line":142,"column":49},"end":{"line":209,"column":3}}},"9":{"name":"(anonymous_9)","decl":{"start":{"line":145,"column":78},"end":{"line":145,"column":82}},"loc":{"start":{"line":145,"column":86},"end":{"line":145,"column":111}}},"10":{"name":"(anonymous_10)","decl":{"start":{"line":149,"column":78},"end":{"line":149,"column":82}},"loc":{"start":{"line":149,"column":86},"end":{"line":149,"column":111}}},"11":{"name":"(anonymous_11)","decl":{"start":{"line":153,"column":85},"end":{"line":153,"column":89}},"loc":{"start":{"line":153,"column":93},"end":{"line":153,"column":118}}},"12":{"name":"(anonymous_12)","decl":{"start":{"line":158,"column":51},"end":{"line":158,"column":52}},"loc":{"start":{"line":158,"column":69},"end":{"line":158,"column":123}}},"13":{"name":"(anonymous_13)","decl":{"start":{"line":168,"column":38},"end":{"line":168,"column":39}},"loc":{"start":{"line":168,"column":52},"end":{"line":203,"column":9}}}},"branchMap":{"0":{"loc":{"start":{"line":21,"column":46},"end":{"line":21,"column":78}},"type":"binary-expr","locations":[{"start":{"line":21,"column":46},"end":{"line":21,"column":59}},{"start":{"line":21,"column":63},"end":{"line":21,"column":78}}]},"1":{"loc":{"start":{"line":38,"column":4},"end":{"line":40,"column":5}},"type":"if","locations":[{"start":{"line":38,"column":4},"end":{"line":40,"column":5}}]},"2":{"loc":{"start":{"line":44,"column":61},"end":{"line":44,"column":93}},"type":"binary-expr","locations":[{"start":{"line":44,"column":61},"end":{"line":44,"column":74}},{"start":{"line":44,"column":78},"end":{"line":44,"column":93}}]},"3":{"loc":{"start":{"line":65,"column":4},"end":{"line":67,"column":5}},"type":"if","locations":[{"start":{"line":65,"column":4},"end":{"line":67,"column":5}}]},"4":{"loc":{"start":{"line":65,"column":8},"end":{"line":65,"column":40}},"type":"binary-expr","locations":[{"start":{"line":65,"column":8},"end":{"line":65,"column":22}},{"start":{"line":65,"column":26},"end":{"line":65,"column":40}}]},"5":{"loc":{"start":{"line":71,"column":57},"end":{"line":71,"column":89}},"type":"binary-expr","locations":[{"start":{"line":71,"column":57},"end":{"line":71,"column":70}},{"start":{"line":71,"column":74},"end":{"line":71,"column":89}}]},"6":{"loc":{"start":{"line":91,"column":4},"end":{"line":91,"column":36}},"type":"if","locations":[{"start":{"line":91,"column":4},"end":{"line":91,"column":36}}]},"7":{"loc":{"start":{"line":94,"column":4},"end":{"line":96,"column":5}},"type":"if","locations":[{"start":{"line":94,"column":4},"end":{"line":96,"column":5}}]},"8":{"loc":{"start":{"line":94,"column":8},"end":{"line":94,"column":44}},"type":"binary-expr","locations":[{"start":{"line":94,"column":8},"end":{"line":94,"column":21}},{"start":{"line":94,"column":25},"end":{"line":94,"column":44}}]},"9":{"loc":{"start":{"line":101,"column":12},"end":{"line":101,"column":50}},"type":"cond-expr","locations":[{"start":{"line":101,"column":32},"end":{"line":101,"column":38}},{"start":{"line":101,"column":41},"end":{"line":101,"column":50}}]},"10":{"loc":{"start":{"line":135,"column":2},"end":{"line":137,"column":3}},"type":"if","locations":[{"start":{"line":135,"column":2},"end":{"line":137,"column":3}}]},"11":{"loc":{"start":{"line":143,"column":4},"end":{"line":208,"column":5}},"type":"if","locations":[{"start":{"line":143,"column":4},"end":{"line":208,"column":5}},{"start":{"line":147,"column":11},"end":{"line":208,"column":5}}]},"12":{"loc":{"start":{"line":144,"column":6},"end":{"line":146,"column":7}},"type":"if","locations":[{"start":{"line":144,"column":6},"end":{"line":146,"column":7}}]},"13":{"loc":{"start":{"line":147,"column":11},"end":{"line":208,"column":5}},"type":"if","locations":[{"start":{"line":147,"column":11},"end":{"line":208,"column":5}},{"start":{"line":151,"column":11},"end":{"line":208,"column":5}}]},"14":{"loc":{"start":{"line":148,"column":6},"end":{"line":150,"column":7}},"type":"if","locations":[{"start":{"line":148,"column":6},"end":{"line":150,"column":7}}]},"15":{"loc":{"start":{"line":151,"column":11},"end":{"line":208,"column":5}},"type":"if","locations":[{"start":{"line":151,"column":11},"end":{"line":208,"column":5}},{"start":{"line":155,"column":11},"end":{"line":208,"column":5}}]},"16":{"loc":{"start":{"line":152,"column":6},"end":{"line":154,"column":7}},"type":"if","locations":[{"start":{"line":152,"column":6},"end":{"line":154,"column":7}}]},"17":{"loc":{"start":{"line":155,"column":11},"end":{"line":208,"column":5}},"type":"if","locations":[{"start":{"line":155,"column":11},"end":{"line":208,"column":5}},{"start":{"line":157,"column":11},"end":{"line":208,"column":5}}]},"18":{"loc":{"start":{"line":157,"column":11},"end":{"line":208,"column":5}},"type":"if","locations":[{"start":{"line":157,"column":11},"end":{"line":208,"column":5}},{"start":{"line":160,"column":11},"end":{"line":208,"column":5}}]},"19":{"loc":{"start":{"line":158,"column":82},"end":{"line":158,"column":120}},"type":"cond-expr","locations":[{"start":{"line":158,"column":94},"end":{"line":158,"column":105}},{"start":{"line":158,"column":108},"end":{"line":158,"column":120}}]},"20":{"loc":{"start":{"line":160,"column":11},"end":{"line":208,"column":5}},"type":"if","locations":[{"start":{"line":160,"column":11},"end":{"line":208,"column":5}},{"start":{"line":162,"column":11},"end":{"line":208,"column":5}}]},"21":{"loc":{"start":{"line":162,"column":11},"end":{"line":208,"column":5}},"type":"if","locations":[{"start":{"line":162,"column":11},"end":{"line":208,"column":5}},{"start":{"line":164,"column":11},"end":{"line":208,"column":5}}]},"22":{"loc":{"start":{"line":164,"column":11},"end":{"line":208,"column":5}},"type":"if","locations":[{"start":{"line":164,"column":11},"end":{"line":208,"column":5}}]},"23":{"loc":{"start":{"line":166,"column":6},"end":{"line":207,"column":7}},"type":"if","locations":[{"start":{"line":166,"column":6},"end":{"line":207,"column":7}},{"start":{"line":204,"column":13},"end":{"line":207,"column":7}}]},"24":{"loc":{"start":{"line":166,"column":10},"end":{"line":166,"column":53}},"type":"binary-expr","locations":[{"start":{"line":166,"column":10},"end":{"line":166,"column":35}},{"start":{"line":166,"column":39},"end":{"line":166,"column":53}}]},"25":{"loc":{"start":{"line":169,"column":10},"end":{"line":202,"column":11}},"type":"switch","locations":[{"start":{"line":170,"column":12},"end":{"line":172,"column":20}},{"start":{"line":173,"column":12},"end":{"line":175,"column":20}},{"start":{"line":176,"column":12},"end":{"line":178,"column":20}},{"start":{"line":179,"column":12},"end":{"line":181,"column":20}},{"start":{"line":182,"column":12},"end":{"line":184,"column":20}},{"start":{"line":185,"column":12},"end":{"line":187,"column":20}},{"start":{"line":188,"column":12},"end":{"line":190,"column":20}},{"start":{"line":191,"column":12},"end":{"line":193,"column":20}},{"start":{"line":194,"column":12},"end":{"line":196,"column":20}},{"start":{"line":197,"column":12},"end":{"line":199,"column":20}},{"start":{"line":200,"column":12},"end":{"line":201,"column":105}}]},"26":{"loc":{"start":{"line":195,"column":52},"end":{"line":195,"column":85}},"type":"cond-expr","locations":[{"start":{"line":195,"column":58},"end":{"line":195,"column":68}},{"start":{"line":195,"column":71},"end":{"line":195,"column":85}}]}},"s":{"0":3,"1":3,"2":3,"3":1,"4":1,"5":3,"6":3,"7":3,"8":2,"9":1,"10":1,"11":2,"12":1,"13":5,"14":5,"15":5,"16":4,"17":2,"18":2,"19":3,"20":1,"21":3,"22":3,"23":5,"24":1,"25":4,"26":1,"27":3,"28":1,"29":1,"30":1,"31":1,"32":1,"33":6,"34":6,"35":1,"36":5,"37":5,"38":7,"39":0,"40":0,"41":0,"42":7,"43":1,"44":1,"45":2,"46":6,"47":0,"48":0,"49":0,"50":6,"51":0,"52":6,"53":0,"54":0,"55":0,"56":6,"57":0,"58":6,"59":0,"60":6,"61":6,"62":2,"63":2,"64":0,"65":0,"66":2,"67":2,"68":0,"69":0,"70":0,"71":0,"72":0,"73":0,"74":0,"75":0,"76":0,"77":0,"78":0,"79":0,"80":0,"81":0,"82":0,"83":0,"84":0,"85":4,"86":5,"87":1},"f":{"0":3,"1":3,"2":5,"3":3,"4":5,"5":1,"6":1,"7":6,"8":7,"9":0,"10":2,"11":0,"12":0,"13":2},"b":{"0":[1,0],"1":[1],"2":[2,0],"3":[2],"4":[4,3],"5":[3,0],"6":[1],"7":[1],"8":[4,4],"9":[1,2],"10":[1],"11":[0,7],"12":[0],"13":[1,6],"14":[1],"15":[0,6],"16":[0],"17":[0,6],"18":[0,6],"19":[0,0],"20":[0,6],"21":[0,6],"22":[6],"23":[2,4],"24":[6,2],"25":[0,2,0,0,0,0,0,0,0,0,0],"26":[0,0]}}
,"/Users/ben.p/projects/chatbot/packages/mcp/src/utils/schemaUtils.ts": {"path":"/Users/ben.p/projects/chatbot/packages/mcp/src/utils/schemaUtils.ts","statementMap":{"0":{"start":{"line":33,"column":2},"end":{"line":33,"column":41}},"1":{"start":{"line":32,"column":0},"end":{"line":32,"column":16}},"2":{"start":{"line":43,"column":28},"end":{"line":47,"column":4}},"3":{"start":{"line":44,"column":25},"end":{"line":44,"column":60}},"4":{"start":{"line":45,"column":28},"end":{"line":45,"column":77}},"5":{"start":{"line":46,"column":4},"end":{"line":46,"column":76}},"6":{"start":{"line":49,"column":20},"end":{"line":49,"column":62}},"7":{"start":{"line":51,"column":2},"end":{"line":59,"column":3}},"8":{"start":{"line":52,"column":30},"end":{"line":57,"column":6}},"9":{"start":{"line":53,"column":25},"end":{"line":55,"column":19}},"10":{"start":{"line":54,"column":37},"end":{"line":54,"column":60}},"11":{"start":{"line":56,"column":6},"end":{"line":56,"column":46}},"12":{"start":{"line":58,"column":4},"end":{"line":58,"column":67}},"13":{"start":{"line":61,"column":2},"end":{"line":61,"column":21}},"14":{"start":{"line":42,"column":0},"end":{"line":42,"column":16}},"15":{"start":{"line":71,"column":2},"end":{"line":73,"column":3}},"16":{"start":{"line":72,"column":4},"end":{"line":72,"column":26}},"17":{"start":{"line":75,"column":42},"end":{"line":75,"column":44}},"18":{"start":{"line":78,"column":2},"end":{"line":104,"column":5}},"19":{"start":{"line":79,"column":4},"end":{"line":103,"column":7}},"20":{"start":{"line":80,"column":6},"end":{"line":80,"column":38}},"21":{"start":{"line":80,"column":31},"end":{"line":80,"column":38}},"22":{"start":{"line":84,"column":6},"end":{"line":94,"column":7}},"23":{"start":{"line":85,"column":8},"end":{"line":85,"column":23}},"24":{"start":{"line":86,"column":13},"end":{"line":94,"column":7}},"25":{"start":{"line":87,"column":8},"end":{"line":87,"column":22}},"26":{"start":{"line":88,"column":13},"end":{"line":94,"column":7}},"27":{"start":{"line":89,"column":8},"end":{"line":89,"column":22}},"28":{"start":{"line":90,"column":13},"end":{"line":94,"column":7}},"29":{"start":{"line":91,"column":8},"end":{"line":91,"column":24}},"30":{"start":{"line":93,"column":8},"end":{"line":93,"column":28}},"31":{"start":{"line":97,"column":6},"end":{"line":102,"column":7}},"32":{"start":{"line":98,"column":8},"end":{"line":98,"column":37}},"33":{"start":{"line":99,"column":13},"end":{"line":102,"column":7}},"34":{"start":{"line":101,"column":8},"end":{"line":101,"column":41}},"35":{"start":{"line":106,"column":2},"end":{"line":106,"column":20}},"36":{"start":{"line":70,"column":0},"end":{"line":70,"column":16}},"37":{"start":{"line":116,"column":38},"end":{"line":116,"column":40}},"38":{"start":{"line":118,"column":2},"end":{"line":151,"column":5}},"39":{"start":{"line":120,"column":4},"end":{"line":120,"column":36}},"40":{"start":{"line":120,"column":29},"end":{"line":120,"column":36}},"41":{"start":{"line":123,"column":4},"end":{"line":150,"column":5}},"42":{"start":{"line":125,"column":8},"end":{"line":125,"column":50}},"43":{"start":{"line":126,"column":8},"end":{"line":126,"column":14}},"44":{"start":{"line":128,"column":8},"end":{"line":128,"column":31}},"45":{"start":{"line":129,"column":8},"end":{"line":129,"column":14}},"46":{"start":{"line":131,"column":8},"end":{"line":131,"column":33}},"47":{"start":{"line":132,"column":8},"end":{"line":132,"column":14}},"48":{"start":{"line":134,"column":8},"end":{"line":134,"column":53}},"49":{"start":{"line":135,"column":8},"end":{"line":135,"column":14}},"50":{"start":{"line":137,"column":8},"end":{"line":137,"column":58}},"51":{"start":{"line":138,"column":8},"end":{"line":138,"column":14}},"52":{"start":{"line":140,"column":8},"end":{"line":140,"column":60}},"53":{"start":{"line":141,"column":8},"end":{"line":141,"column":14}},"54":{"start":{"line":143,"column":8},"end":{"line":143,"column":33}},"55":{"start":{"line":144,"column":8},"end":{"line":144,"column":14}},"56":{"start":{"line":146,"column":8},"end":{"line":146,"column":49}},"57":{"start":{"line":147,"column":8},"end":{"line":147,"column":14}},"58":{"start":{"line":149,"column":8},"end":{"line":149,"column":57}},"59":{"start":{"line":153,"column":2},"end":{"line":153,"column":16}},"60":{"start":{"line":115,"column":0},"end":{"line":115,"column":16}}},"fnMap":{"0":{"name":"schemaToJsonString","decl":{"start":{"line":32,"column":16},"end":{"line":32,"column":34}},"loc":{"start":{"line":32,"column":56},"end":{"line":34,"column":1}}},"1":{"name":"generateSchemaDescription","decl":{"start":{"line":42,"column":16},"end":{"line":42,"column":41}},"loc":{"start":{"line":42,"column":63},"end":{"line":62,"column":1}}},"2":{"name":"(anonymous_2)","decl":{"start":{"line":43,"column":62},"end":{"line":43,"column":63}},"loc":{"start":{"line":43,"column":85},"end":{"line":47,"column":3}}},"3":{"name":"(anonymous_3)","decl":{"start":{"line":52,"column":49},"end":{"line":52,"column":54}},"loc":{"start":{"line":52,"column":57},"end":{"line":57,"column":5}}},"4":{"name":"(anonymous_4)","decl":{"start":{"line":54,"column":13},"end":{"line":54,"column":14}},"loc":{"start":{"line":54,"column":37},"end":{"line":54,"column":60}}},"5":{"name":"inferSchemaFromDocuments","decl":{"start":{"line":70,"column":16},"end":{"line":70,"column":40}},"loc":{"start":{"line":70,"column":73},"end":{"line":107,"column":1}}},"6":{"name":"(anonymous_6)","decl":{"start":{"line":78,"column":20},"end":{"line":78,"column":23}},"loc":{"start":{"line":78,"column":26},"end":{"line":104,"column":3}}},"7":{"name":"(anonymous_7)","decl":{"start":{"line":79,"column":32},"end":{"line":79,"column":33}},"loc":{"start":{"line":79,"column":55},"end":{"line":103,"column":5}}},"8":{"name":"generateSampleDocument","decl":{"start":{"line":115,"column":16},"end":{"line":115,"column":38}},"loc":{"start":{"line":115,"column":60},"end":{"line":154,"column":1}}},"9":{"name":"(anonymous_9)","decl":{"start":{"line":118,"column":40},"end":{"line":118,"column":41}},"loc":{"start":{"line":118,"column":63},"end":{"line":151,"column":3}}}},"branchMap":{"0":{"loc":{"start":{"line":44,"column":25},"end":{"line":44,"column":60}},"type":"cond-expr","locations":[{"start":{"line":44,"column":42},"end":{"line":44,"column":55}},{"start":{"line":44,"column":58},"end":{"line":44,"column":60}}]},"1":{"loc":{"start":{"line":45,"column":28},"end":{"line":45,"column":77}},"type":"cond-expr","locations":[{"start":{"line":45,"column":48},"end":{"line":45,"column":72}},{"start":{"line":45,"column":75},"end":{"line":45,"column":77}}]},"2":{"loc":{"start":{"line":51,"column":2},"end":{"line":59,"column":3}},"type":"if","locations":[{"start":{"line":51,"column":2},"end":{"line":59,"column":3}}]},"3":{"loc":{"start":{"line":51,"column":6},"end":{"line":51,"column":49}},"type":"binary-expr","locations":[{"start":{"line":51,"column":6},"end":{"line":51,"column":20}},{"start":{"line":51,"column":24},"end":{"line":51,"column":49}}]},"4":{"loc":{"start":{"line":71,"column":2},"end":{"line":73,"column":3}},"type":"if","locations":[{"start":{"line":71,"column":2},"end":{"line":73,"column":3}}]},"5":{"loc":{"start":{"line":71,"column":6},"end":{"line":71,"column":42}},"type":"binary-expr","locations":[{"start":{"line":71,"column":6},"end":{"line":71,"column":16}},{"start":{"line":71,"column":20},"end":{"line":71,"column":42}}]},"6":{"loc":{"start":{"line":80,"column":6},"end":{"line":80,"column":38}},"type":"if","locations":[{"start":{"line":80,"column":6},"end":{"line":80,"column":38}}]},"7":{"loc":{"start":{"line":84,"column":6},"end":{"line":94,"column":7}},"type":"if","locations":[{"start":{"line":84,"column":6},"end":{"line":94,"column":7}},{"start":{"line":86,"column":13},"end":{"line":94,"column":7}}]},"8":{"loc":{"start":{"line":86,"column":13},"end":{"line":94,"column":7}},"type":"if","locations":[{"start":{"line":86,"column":13},"end":{"line":94,"column":7}},{"start":{"line":88,"column":13},"end":{"line":94,"column":7}}]},"9":{"loc":{"start":{"line":88,"column":13},"end":{"line":94,"column":7}},"type":"if","locations":[{"start":{"line":88,"column":13},"end":{"line":94,"column":7}},{"start":{"line":90,"column":13},"end":{"line":94,"column":7}}]},"10":{"loc":{"start":{"line":90,"column":13},"end":{"line":94,"column":7}},"type":"if","locations":[{"start":{"line":90,"column":13},"end":{"line":94,"column":7}},{"start":{"line":92,"column":13},"end":{"line":94,"column":7}}]},"11":{"loc":{"start":{"line":97,"column":6},"end":{"line":102,"column":7}},"type":"if","locations":[{"start":{"line":97,"column":6},"end":{"line":102,"column":7}},{"start":{"line":99,"column":13},"end":{"line":102,"column":7}}]},"12":{"loc":{"start":{"line":99,"column":13},"end":{"line":102,"column":7}},"type":"if","locations":[{"start":{"line":99,"column":13},"end":{"line":102,"column":7}}]},"13":{"loc":{"start":{"line":120,"column":4},"end":{"line":120,"column":36}},"type":"if","locations":[{"start":{"line":120,"column":4},"end":{"line":120,"column":36}}]},"14":{"loc":{"start":{"line":123,"column":4},"end":{"line":150,"column":5}},"type":"switch","locations":[{"start":{"line":124,"column":6},"end":{"line":126,"column":14}},{"start":{"line":127,"column":6},"end":{"line":129,"column":14}},{"start":{"line":130,"column":6},"end":{"line":132,"column":14}},{"start":{"line":133,"column":6},"end":{"line":135,"column":14}},{"start":{"line":136,"column":6},"end":{"line":138,"column":14}},{"start":{"line":139,"column":6},"end":{"line":141,"column":14}},{"start":{"line":142,"column":6},"end":{"line":144,"column":14}},{"start":{"line":145,"column":6},"end":{"line":147,"column":14}},{"start":{"line":148,"column":6},"end":{"line":149,"column":57}}]}},"s":{"0":5,"1":2,"2":2,"3":6,"4":6,"5":6,"6":2,"7":2,"8":1,"9":2,"10":3,"11":2,"12":1,"13":2,"14":2,"15":3,"16":1,"17":2,"18":2,"19":5,"20":15,"21":0,"22":15,"23":1,"24":14,"25":0,"26":14,"27":0,"28":14,"29":1,"30":13,"31":15,"32":7,"33":8,"34":1,"35":2,"36":2,"37":2,"38":2,"39":13,"40":0,"41":13,"42":3,"43":3,"44":2,"45":2,"46":2,"47":2,"48":1,"49":1,"50":1,"51":1,"52":1,"53":1,"54":1,"55":1,"56":1,"57":1,"58":1,"59":2,"60":2},"f":{"0":5,"1":2,"2":6,"3":2,"4":3,"5":3,"6":5,"7":15,"8":2,"9":13},"b":{"0":[2,4],"1":[2,4],"2":[1],"3":[2,1],"4":[1],"5":[3,3],"6":[0],"7":[1,14],"8":[0,14],"9":[0,14],"10":[1,13],"11":[7,8],"12":[1],"13":[0],"14":[3,2,2,1,1,1,1,1,1]}}
}
