TN:
SF:src/types.ts
FN:47,createServer
FN:50,(anonymous_1)
FN:51,(anonymous_2)
FN:52,(anonymous_3)
FN:53,(anonymous_4)
FNF:5
FNH:0
FNDA:0,createServer
FNDA:0,(anonymous_1)
FNDA:0,(anonymous_2)
FNDA:0,(anonymous_3)
FNDA:0,(anonymous_4)
DA:47,0
DA:49,0
DA:54,0
LF:3
LH:0
BRF:0
BRH:0
end_of_record
TN:
SF:src/prompts/index.ts
FNF:0
FNH:0
DA:12,0
DA:60,0
DA:109,0
DA:157,0
DA:193,0
DA:239,0
DA:240,0
LF:7
LH:0
BRF:0
BRH:0
end_of_record
TN:
SF:src/prompts/promptHandler.ts
FN:18,renderTemplate
FN:21,(anonymous_1)
FN:28,(anonymous_2)
FN:41,getNestedProperty
FN:42,(anonymous_4)
FN:54,renderPrompt
FN:65,validatePromptData
FN:67,(anonymous_7)
FN:76,getRequiredParameters
FN:86,getOptionalParameters
FN:89,(anonymous_10)
FNF:11
FNH:11
FNDA:14,renderTemplate
FNDA:5,(anonymous_1)
FNDA:28,(anonymous_2)
FNDA:33,getNestedProperty
FNDA:38,(anonymous_4)
FNDA:8,renderPrompt
FNDA:13,validatePromptData
FNDA:16,(anonymous_7)
FNDA:2,getRequiredParameters
FNDA:3,getOptionalParameters
FNDA:7,(anonymous_10)
DA:18,2
DA:20,14
DA:21,14
DA:22,5
DA:23,5
DA:27,14
DA:28,14
DA:29,28
DA:30,28
DA:42,33
DA:43,38
DA:54,2
DA:55,8
DA:65,2
DA:66,13
DA:67,16
DA:76,2
DA:77,2
DA:86,2
DA:87,3
DA:88,3
DA:89,7
LF:22
LH:22
BRDA:23,0,0,3
BRDA:23,0,1,2
BRDA:30,1,0,23
BRDA:30,1,1,5
BRDA:43,2,0,31
BRDA:43,2,1,7
BRDA:43,3,0,38
BRDA:43,3,1,37
BRDA:66,4,0,13
BRDA:66,4,1,0
BRDA:77,5,0,2
BRDA:77,5,1,1
BRDA:87,6,0,3
BRDA:87,6,1,0
BRDA:88,7,0,3
BRDA:88,7,1,1
BRF:16
BRH:14
end_of_record
TN:
SF:src/prompts/promptService.ts
FN:15,(anonymous_0)
FN:32,(anonymous_1)
FN:42,(anonymous_2)
FN:51,(anonymous_3)
FN:64,(anonymous_4)
FN:85,(anonymous_5)
FN:107,(anonymous_6)
FN:129,(anonymous_7)
FN:149,(anonymous_8)
FN:161,(anonymous_9)
FNF:10
FNH:10
FNDA:1,(anonymous_0)
FNDA:78,(anonymous_1)
FNDA:12,(anonymous_2)
FNDA:1,(anonymous_3)
FNDA:10,(anonymous_4)
FNDA:2,(anonymous_5)
FNDA:1,(anonymous_6)
FNDA:1,(anonymous_7)
FNDA:1,(anonymous_8)
FNDA:1,(anonymous_9)
DA:8,1
DA:9,1
DA:14,1
DA:16,1
DA:17,1
DA:24,1
DA:25,13
DA:33,78
DA:43,12
DA:52,1
DA:65,10
DA:66,10
DA:67,1
DA:70,9
DA:71,1
DA:74,8
DA:86,2
DA:88,2
DA:89,1
DA:92,2
DA:93,1
DA:96,2
DA:108,1
DA:110,1
DA:111,1
DA:114,1
DA:115,1
DA:118,1
DA:130,1
DA:132,1
DA:133,1
DA:136,1
DA:137,1
DA:140,1
DA:150,1
DA:166,1
DA:168,1
DA:169,1
DA:172,1
DA:173,1
DA:176,1
LF:41
LH:41
BRDA:66,0,0,1
BRDA:70,1,0,1
BRDA:88,2,0,1
BRDA:92,3,0,1
BRDA:110,4,0,1
BRDA:114,5,0,1
BRDA:132,6,0,1
BRDA:136,7,0,1
BRDA:168,8,0,1
BRDA:172,9,0,1
BRF:10
BRH:10
end_of_record
TN:
SF:src/resources/index.ts
FN:14,(anonymous_0)
FNF:1
FNH:0
FNDA:0,(anonymous_0)
DA:11,0
DA:15,0
LF:2
LH:0
BRF:0
BRH:0
end_of_record
TN:
SF:src/tools/index.ts
FN:21,(anonymous_0)
FNF:1
FNH:1
FNDA:1,(anonymous_0)
DA:8,1
DA:22,1
DA:23,1
LF:3
LH:3
BRF:0
BRH:0
end_of_record
TN:
SF:src/utils/index.ts
FNF:0
FNH:0
DA:6,0
DA:9,0
LF:2
LH:0
BRF:0
BRH:0
end_of_record
TN:
SF:src/utils/mongoUtils.ts
FN:15,parseMongoDBQuery
FN:32,parseMongoDBPipeline
FN:55,parseMongoDBUpdate
FN:82,validateMongoDBQuery
FN:89,(anonymous_4)
FN:111,formatMongoDBQuery
FN:121,formatMongoDBPipeline
FN:131,explainMongoDBQuery
FN:142,(anonymous_8)
FN:145,(anonymous_9)
FN:149,(anonymous_10)
FN:153,(anonymous_11)
FN:158,(anonymous_12)
FN:168,(anonymous_13)
FNF:14
FNH:11
FNDA:3,parseMongoDBQuery
FNDA:3,parseMongoDBPipeline
FNDA:5,parseMongoDBUpdate
FNDA:3,validateMongoDBQuery
FNDA:5,(anonymous_4)
FNDA:1,formatMongoDBQuery
FNDA:1,formatMongoDBPipeline
FNDA:6,explainMongoDBQuery
FNDA:7,(anonymous_8)
FNDA:0,(anonymous_9)
FNDA:2,(anonymous_10)
FNDA:0,(anonymous_11)
FNDA:0,(anonymous_12)
FNDA:2,(anonymous_13)
DA:15,1
DA:16,3
DA:18,3
DA:19,3
DA:21,1
DA:32,1
DA:33,3
DA:35,3
DA:36,3
DA:38,2
DA:39,1
DA:42,1
DA:44,2
DA:55,1
DA:60,5
DA:62,5
DA:63,5
DA:65,4
DA:66,2
DA:69,2
DA:71,3
DA:82,1
DA:86,3
DA:89,3
DA:91,5
DA:94,4
DA:95,1
DA:99,3
DA:111,1
DA:112,1
DA:121,1
DA:122,1
DA:131,1
DA:132,6
DA:135,6
DA:136,1
DA:139,5
DA:142,5
DA:143,7
DA:144,0
DA:145,0
DA:147,7
DA:148,1
DA:149,2
DA:151,6
DA:152,0
DA:153,0
DA:155,6
DA:156,0
DA:157,6
DA:158,0
DA:159,0
DA:160,6
DA:161,0
DA:162,6
DA:163,0
DA:164,6
DA:166,6
DA:168,2
DA:169,2
DA:171,0
DA:172,0
DA:174,2
DA:175,2
DA:177,0
DA:178,0
DA:180,0
DA:181,0
DA:183,0
DA:184,0
DA:186,0
DA:187,0
DA:189,0
DA:190,0
DA:192,0
DA:193,0
DA:195,0
DA:196,0
DA:198,0
DA:199,0
DA:201,0
DA:206,4
DA:211,5
LF:83
LH:55
BRDA:21,0,0,1
BRDA:21,0,1,0
BRDA:38,1,0,1
BRDA:44,2,0,2
BRDA:44,2,1,0
BRDA:65,3,0,2
BRDA:65,4,0,4
BRDA:65,4,1,3
BRDA:71,5,0,3
BRDA:71,5,1,0
BRDA:91,6,0,1
BRDA:94,7,0,1
BRDA:94,8,0,4
BRDA:94,8,1,4
BRDA:101,9,0,1
BRDA:101,9,1,2
BRDA:135,10,0,1
BRDA:143,11,0,0
BRDA:143,11,1,7
BRDA:144,12,0,0
BRDA:147,13,0,1
BRDA:147,13,1,6
BRDA:148,14,0,1
BRDA:151,15,0,0
BRDA:151,15,1,6
BRDA:152,16,0,0
BRDA:155,17,0,0
BRDA:155,17,1,6
BRDA:157,18,0,0
BRDA:157,18,1,6
BRDA:158,19,0,0
BRDA:158,19,1,0
BRDA:160,20,0,0
BRDA:160,20,1,6
BRDA:162,21,0,0
BRDA:162,21,1,6
BRDA:164,22,0,6
BRDA:166,23,0,2
BRDA:166,23,1,4
BRDA:166,24,0,6
BRDA:166,24,1,2
BRDA:169,25,0,0
BRDA:169,25,1,2
BRDA:169,25,2,0
BRDA:169,25,3,0
BRDA:169,25,4,0
BRDA:169,25,5,0
BRDA:169,25,6,0
BRDA:169,25,7,0
BRDA:169,25,8,0
BRDA:169,25,9,0
BRDA:169,25,10,0
BRDA:195,26,0,0
BRDA:195,26,1,0
BRF:54
BRH:29
end_of_record
TN:
SF:src/utils/schemaUtils.ts
FN:32,schemaToJsonString
FN:42,generateSchemaDescription
FN:43,(anonymous_2)
FN:52,(anonymous_3)
FN:54,(anonymous_4)
FN:70,inferSchemaFromDocuments
FN:78,(anonymous_6)
FN:79,(anonymous_7)
FN:115,generateSampleDocument
FN:118,(anonymous_9)
FNF:10
FNH:10
FNDA:5,schemaToJsonString
FNDA:2,generateSchemaDescription
FNDA:6,(anonymous_2)
FNDA:2,(anonymous_3)
FNDA:3,(anonymous_4)
FNDA:3,inferSchemaFromDocuments
FNDA:5,(anonymous_6)
FNDA:15,(anonymous_7)
FNDA:2,generateSampleDocument
FNDA:13,(anonymous_9)
DA:32,2
DA:33,5
DA:42,2
DA:43,2
DA:44,6
DA:45,6
DA:46,6
DA:49,2
DA:51,2
DA:52,1
DA:53,2
DA:54,3
DA:56,2
DA:58,1
DA:61,2
DA:70,2
DA:71,3
DA:72,1
DA:75,2
DA:78,2
DA:79,5
DA:80,15
DA:84,15
DA:85,1
DA:86,14
DA:87,0
DA:88,14
DA:89,0
DA:90,14
DA:91,1
DA:93,13
DA:97,15
DA:98,7
DA:99,8
DA:101,1
DA:106,2
DA:115,2
DA:116,2
DA:118,2
DA:120,13
DA:123,13
DA:125,3
DA:126,3
DA:128,2
DA:129,2
DA:131,2
DA:132,2
DA:134,1
DA:135,1
DA:137,1
DA:138,1
DA:140,1
DA:141,1
DA:143,1
DA:144,1
DA:146,1
DA:147,1
DA:149,1
DA:153,2
LF:59
LH:57
BRDA:44,0,0,2
BRDA:44,0,1,4
BRDA:45,1,0,2
BRDA:45,1,1,4
BRDA:51,2,0,1
BRDA:51,3,0,2
BRDA:51,3,1,1
BRDA:71,4,0,1
BRDA:71,5,0,3
BRDA:71,5,1,3
BRDA:80,6,0,0
BRDA:84,7,0,1
BRDA:84,7,1,14
BRDA:86,8,0,0
BRDA:86,8,1,14
BRDA:88,9,0,0
BRDA:88,9,1,14
BRDA:90,10,0,1
BRDA:90,10,1,13
BRDA:97,11,0,7
BRDA:97,11,1,8
BRDA:99,12,0,1
BRDA:120,13,0,0
BRDA:123,14,0,3
BRDA:123,14,1,2
BRDA:123,14,2,2
BRDA:123,14,3,1
BRDA:123,14,4,1
BRDA:123,14,5,1
BRDA:123,14,6,1
BRDA:123,14,7,1
BRDA:123,14,8,1
BRF:32
BRH:28
end_of_record
